<?xml version="1.0" encoding="UTF-8"?>
<testsuite name="id.ac.ui.cs.advprog.eshop.functional.HomePageFunctionalTest" tests="2" skipped="0" failures="0" errors="0" timestamp="2024-02-13T14:10:04" hostname="DESKTOP-TNPAI0N" time="4.022">
  <properties/>
  <testcase name="pageTitle_isCorrect(ChromeDriver)" classname="id.ac.ui.cs.advprog.eshop.functional.HomePageFunctionalTest" time="2.001"/>
  <testcase name="welcomeMessage_homePage_isCorrect(ChromeDriver)" classname="id.ac.ui.cs.advprog.eshop.functional.HomePageFunctionalTest" time="2.016"/>
  <system-out><![CDATA[2024-02-13T21:10:04.185+07:00  INFO 11912 --- [    Test worker] t.c.s.AnnotationConfigContextLoaderUtils : Could not detect default configuration classes for test class [id.ac.ui.cs.advprog.eshop.functional.HomePageFunctionalTest]: HomePageFunctionalTest does not declare any static, non-private, non-final, nested classes annotated with @Configuration.
2024-02-13T21:10:04.199+07:00  INFO 11912 --- [    Test worker] .b.t.c.SpringBootTestContextBootstrapper : Found @SpringBootConfiguration id.ac.ui.cs.advprog.eshop.EshopApplication for test class id.ac.ui.cs.advprog.eshop.functional.HomePageFunctionalTest
2024-02-13T21:10:04.305+07:00  INFO 11912 --- [    Test worker] i.g.bonigarcia.wdm.WebDriverManager      : Using chromedriver 121.0.6167.85 (resolved driver for Chrome 121)
2024-02-13T21:10:04.324+07:00  INFO 11912 --- [    Test worker] i.g.bonigarcia.wdm.WebDriverManager      : Exporting webdriver.chrome.driver as C:\Users\Asus\.cache\selenium\chromedriver\win64\121.0.6167.85\chromedriver.exe
2024-02-13T21:10:05.328+07:00  WARN 11912 --- [    Test worker] o.o.selenium.devtools.CdpVersionFinder   : Unable to find an exact match for CDP version 121, returning the closest version; found: 118; Please update to a Selenium version that supports CDP version 121
2024-02-13T21:10:06.261+07:00  INFO 11912 --- [    Test worker] i.g.bonigarcia.wdm.WebDriverManager      : Using chromedriver 121.0.6167.85 (resolved driver for Chrome 121)
2024-02-13T21:10:06.271+07:00  INFO 11912 --- [    Test worker] i.g.bonigarcia.wdm.WebDriverManager      : Exporting webdriver.chrome.driver as C:\Users\Asus\.cache\selenium\chromedriver\win64\121.0.6167.85\chromedriver.exe
2024-02-13T21:10:07.526+07:00  WARN 11912 --- [    Test worker] o.o.selenium.devtools.CdpVersionFinder   : Unable to find an exact match for CDP version 121, returning the closest version; found: 118; Please update to a Selenium version that supports CDP version 121
]]></system-out>
  <system-err><![CDATA[]]></system-err>
</testsuite>
