<?xml version="1.0" encoding="UTF-8"?>
<testsuite name="id.ac.ui.cs.advprog.eshop.controller.ProductControllerTest" tests="6" skipped="0" failures="0" errors="0" timestamp="2024-02-22T07:14:32" hostname="DESKTOP-TNPAI0N" time="0.28">
  <properties/>
  <testcase name="testEditProductPage()" classname="id.ac.ui.cs.advprog.eshop.controller.ProductControllerTest" time="0.244"/>
  <testcase name="testEditProductPost()" classname="id.ac.ui.cs.advprog.eshop.controller.ProductControllerTest" time="0.005"/>
  <testcase name="testCreateProductPage()" classname="id.ac.ui.cs.advprog.eshop.controller.ProductControllerTest" time="0.005"/>
  <testcase name="testCreateProductPost()" classname="id.ac.ui.cs.advprog.eshop.controller.ProductControllerTest" time="0.006"/>
  <testcase name="testProductListPage()" classname="id.ac.ui.cs.advprog.eshop.controller.ProductControllerTest" time="0.005"/>
  <testcase name="testDeleteProduct()" classname="id.ac.ui.cs.advprog.eshop.controller.ProductControllerTest" time="0.008"/>
  <system-out><![CDATA[]]></system-out>
  <system-err><![CDATA[]]></system-err>
</testsuite>
