<?xml version="1.0" encoding="UTF-8"?>
<testsuite name="id.ac.ui.cs.advprog.eshop.EshopApplicationTests" tests="1" skipped="0" failures="0" errors="0" timestamp="2024-02-22T07:14:30" hostname="DESKTOP-TNPAI0N" time="1.019">
  <properties/>
  <testcase name="testMainMethod()" classname="id.ac.ui.cs.advprog.eshop.EshopApplicationTests" time="1.019"/>
  <system-out><![CDATA[14:14:26.906 [Test worker] INFO org.springframework.test.context.support.AnnotationConfigContextLoaderUtils -- Could not detect default configuration classes for test class [id.ac.ui.cs.advprog.eshop.EshopApplicationTests]: EshopApplicationTests does not declare any static, non-private, non-final, nested classes annotated with @Configuration.
14:14:27.183 [Test worker] INFO org.springframework.boot.test.context.SpringBootTestContextBootstrapper -- Found @SpringBootConfiguration id.ac.ui.cs.advprog.eshop.EshopApplication for test class id.ac.ui.cs.advprog.eshop.EshopApplicationTests

  .   ____          _            __ _ _
 /\\ / ___'_ __ _ _(_)_ __  __ _ \ \ \ \
( ( )\___ | '_ | '_| | '_ \/ _` | \ \ \ \
 \\/  ___)| |_)| | | | | || (_| |  ) ) ) )
  '  |____| .__|_| |_|_| |_\__, | / / / /
 =========|_|==============|___/=/_/_/_/
 :: Spring Boot ::                (v3.2.2)

2024-02-22T14:14:28.056+07:00  INFO 16948 --- [    Test worker] i.a.u.c.a.eshop.EshopApplicationTests    : Starting EshopApplicationTests using Java 21.0.2 with PID 16948 (started by Asus in C:\Users\Asus\IdeaProjects\eshop)
2024-02-22T14:14:28.059+07:00  INFO 16948 --- [    Test worker] i.a.u.c.a.eshop.EshopApplicationTests    : No active profile set, falling back to 1 default profile: "default"
2024-02-22T14:14:30.474+07:00  INFO 16948 --- [    Test worker] i.a.u.c.a.eshop.EshopApplicationTests    : Started EshopApplicationTests in 2.928 seconds (process running for 7.966)
]]></system-out>
  <system-err><![CDATA[]]></system-err>
</testsuite>
