<?xml version="1.0" encoding="UTF-8"?>
<testsuite name="id.ac.ui.cs.advprog.eshop.EshopApplicationTests" tests="1" skipped="0" failures="0" errors="0" timestamp="2024-02-22T04:21:51" hostname="DESKTOP-TNPAI0N" time="3.156">
  <properties/>
  <testcase name="testMainMethod()" classname="id.ac.ui.cs.advprog.eshop.EshopApplicationTests" time="3.156"/>
  <system-out><![CDATA[11:21:46.738 [Test worker] INFO org.springframework.test.context.support.AnnotationConfigContextLoaderUtils -- Could not detect default configuration classes for test class [id.ac.ui.cs.advprog.eshop.EshopApplicationTests]: EshopApplicationTests does not declare any static, non-private, non-final, nested classes annotated with @Configuration.
11:21:47.077 [Test worker] INFO org.springframework.boot.test.context.SpringBootTestContextBootstrapper -- Found @SpringBootConfiguration id.ac.ui.cs.advprog.eshop.EshopApplication for test class id.ac.ui.cs.advprog.eshop.EshopApplicationTests

  .   ____          _            __ _ _
 /\\ / ___'_ __ _ _(_)_ __  __ _ \ \ \ \
( ( )\___ | '_ | '_| | '_ \/ _` | \ \ \ \
 \\/  ___)| |_)| | | | | || (_| |  ) ) ) )
  '  |____| .__|_| |_|_| |_\__, | / / / /
 =========|_|==============|___/=/_/_/_/
 :: Spring Boot ::                (v3.2.2)

2024-02-22T11:21:48.211+07:00  INFO 22520 --- [    Test worker] i.a.u.c.a.eshop.EshopApplicationTests    : Starting EshopApplicationTests using Java 21.0.2 with PID 22520 (started by Asus in C:\Users\Asus\IdeaProjects\eshop)
2024-02-22T11:21:48.215+07:00  INFO 22520 --- [    Test worker] i.a.u.c.a.eshop.EshopApplicationTests    : No active profile set, falling back to 1 default profile: "default"
2024-02-22T11:21:51.800+07:00  INFO 22520 --- [    Test worker] i.a.u.c.a.eshop.EshopApplicationTests    : Started EshopApplicationTests in 4.233 seconds (process running for 9.066)
]]></system-out>
  <system-err><![CDATA[WARNING: A Java agent has been loaded dynamically (C:\Users\Asus\.gradle\caches\modules-2\files-2.1\net.bytebuddy\byte-buddy-agent\1.14.11\f9cb566608fbac6bc7bf54901a7aa11543a989ee\byte-buddy-agent-1.14.11.jar)
WARNING: If a serviceability tool is in use, please run with -XX:+EnableDynamicAgentLoading to hide this warning
WARNING: If a serviceability tool is not in use, please run with -Djdk.instrument.traceUsage for more information
WARNING: Dynamic loading of agents will be disallowed by default in a future release
]]></system-err>
</testsuite>
