<?xml version="1.0" encoding="UTF-8"?>
<testsuite name="id.ac.ui.cs.advprog.eshop.repository.ProductRepositoryTest" tests="9" skipped="0" failures="0" errors="0" timestamp="2024-02-22T04:17:01" hostname="DESKTOP-TNPAI0N" time="2.26">
  <properties/>
  <testcase name="FindProductByIDTest()" classname="id.ac.ui.cs.advprog.eshop.repository.ProductRepositoryTest" time="2.196"/>
  <testcase name="testEditProductWithNonMatchingId()" classname="id.ac.ui.cs.advprog.eshop.repository.ProductRepositoryTest" time="0.008"/>
  <testcase name="testCreateAndFind()" classname="id.ac.ui.cs.advprog.eshop.repository.ProductRepositoryTest" time="0.005"/>
  <testcase name="testDeleteProductWithNoID()" classname="id.ac.ui.cs.advprog.eshop.repository.ProductRepositoryTest" time="0.005"/>
  <testcase name="testFindAllIfEmpty()" classname="id.ac.ui.cs.advprog.eshop.repository.ProductRepositoryTest" time="0.006"/>
  <testcase name="testEditProduct()" classname="id.ac.ui.cs.advprog.eshop.repository.ProductRepositoryTest" time="0.007"/>
  <testcase name="testFindAllIfMoreThanOneProduct()" classname="id.ac.ui.cs.advprog.eshop.repository.ProductRepositoryTest" time="0.005"/>
  <testcase name="testDeleteProduct()" classname="id.ac.ui.cs.advprog.eshop.repository.ProductRepositoryTest" time="0.005"/>
  <testcase name="testEditProductToZeroQuantity()" classname="id.ac.ui.cs.advprog.eshop.repository.ProductRepositoryTest" time="0.006"/>
  <system-out><![CDATA[]]></system-out>
  <system-err><![CDATA[WARNING: A Java agent has been loaded dynamically (C:\Users\Asus\.gradle\caches\modules-2\files-2.1\net.bytebuddy\byte-buddy-agent\1.14.11\f9cb566608fbac6bc7bf54901a7aa11543a989ee\byte-buddy-agent-1.14.11.jar)
WARNING: If a serviceability tool is in use, please run with -XX:+EnableDynamicAgentLoading to hide this warning
WARNING: If a serviceability tool is not in use, please run with -Djdk.instrument.traceUsage for more information
WARNING: Dynamic loading of agents will be disallowed by default in a future release
]]></system-err>
</testsuite>
