<?xml version="1.0" encoding="UTF-8"?>
<testsuite name="id.ac.ui.cs.advprog.eshop.service.ProductServiceImplTest" tests="6" skipped="0" failures="0" errors="0" timestamp="2024-02-22T04:21:57" hostname="DESKTOP-TNPAI0N" time="0.263">
  <properties/>
  <testcase name="testDeleteProductWithZeroQuantityShouldInvokeRepositoryDelete()" classname="id.ac.ui.cs.advprog.eshop.service.ProductServiceImplTest" time="0.213"/>
  <testcase name="testCreateProduct()" classname="id.ac.ui.cs.advprog.eshop.service.ProductServiceImplTest" time="0.013"/>
  <testcase name="testFindAllProducts()" classname="id.ac.ui.cs.advprog.eshop.service.ProductServiceImplTest" time="0.008"/>
  <testcase name="testDeleteNonExistingProduct()" classname="id.ac.ui.cs.advprog.eshop.service.ProductServiceImplTest" time="0.004"/>
  <testcase name="testGetProductById()" classname="id.ac.ui.cs.advprog.eshop.service.ProductServiceImplTest" time="0.004"/>
  <testcase name="testEditProduct()" classname="id.ac.ui.cs.advprog.eshop.service.ProductServiceImplTest" time="0.004"/>
  <system-out><![CDATA[]]></system-out>
  <system-err><![CDATA[]]></system-err>
</testsuite>
