<?xml version="1.0" encoding="UTF-8"?>
<testsuite name="id.ac.ui.cs.advprog.eshop.service.ProductServiceImplTest" tests="6" skipped="0" failures="0" errors="0" timestamp="2024-02-22T07:14:24" hostname="DESKTOP-TNPAI0N" time="2.085">
  <properties/>
  <testcase name="testDeleteProductWithZeroQuantityShouldInvokeRepositoryDelete()" classname="id.ac.ui.cs.advprog.eshop.service.ProductServiceImplTest" time="2.003"/>
  <testcase name="testCreateProduct()" classname="id.ac.ui.cs.advprog.eshop.service.ProductServiceImplTest" time="0.023"/>
  <testcase name="testFindAllProducts()" classname="id.ac.ui.cs.advprog.eshop.service.ProductServiceImplTest" time="0.012"/>
  <testcase name="testDeleteNonExistingProduct()" classname="id.ac.ui.cs.advprog.eshop.service.ProductServiceImplTest" time="0.008"/>
  <testcase name="testGetProductById()" classname="id.ac.ui.cs.advprog.eshop.service.ProductServiceImplTest" time="0.005"/>
  <testcase name="testEditProduct()" classname="id.ac.ui.cs.advprog.eshop.service.ProductServiceImplTest" time="0.006"/>
  <system-out><![CDATA[]]></system-out>
  <system-err><![CDATA[WARNING: A Java agent has been loaded dynamically (C:\Users\Asus\.gradle\caches\modules-2\files-2.1\net.bytebuddy\byte-buddy-agent\1.14.11\f9cb566608fbac6bc7bf54901a7aa11543a989ee\byte-buddy-agent-1.14.11.jar)
WARNING: If a serviceability tool is in use, please run with -XX:+EnableDynamicAgentLoading to hide this warning
WARNING: If a serviceability tool is not in use, please run with -Djdk.instrument.traceUsage for more information
WARNING: Dynamic loading of agents will be disallowed by default in a future release
]]></system-err>
</testsuite>
