<?xml version="1.0" encoding="UTF-8"?>
<testsuite name="id.ac.ui.cs.advprog.eshop.controller.ProductControllerTest" tests="6" skipped="0" failures="0" errors="0" timestamp="2024-02-22T04:21:56" hostname="DESKTOP-TNPAI0N" time="1.032">
  <properties/>
  <testcase name="testEditProductPage()" classname="id.ac.ui.cs.advprog.eshop.controller.ProductControllerTest" time="0.971"/>
  <testcase name="testEditProductPost()" classname="id.ac.ui.cs.advprog.eshop.controller.ProductControllerTest" time="0.008"/>
  <testcase name="testCreateProductPage()" classname="id.ac.ui.cs.advprog.eshop.controller.ProductControllerTest" time="0.011"/>
  <testcase name="testCreateProductPost()" classname="id.ac.ui.cs.advprog.eshop.controller.ProductControllerTest" time="0.008"/>
  <testcase name="testProductListPage()" classname="id.ac.ui.cs.advprog.eshop.controller.ProductControllerTest" time="0.007"/>
  <testcase name="testDeleteProduct()" classname="id.ac.ui.cs.advprog.eshop.controller.ProductControllerTest" time="0.014"/>
  <system-out><![CDATA[]]></system-out>
  <system-err><![CDATA[]]></system-err>
</testsuite>
